TN:
SF:src\City.js
FN:12,(anonymous_0)
FN:38,(anonymous_1)
FN:62,(anonymous_2)
FN:69,(anonymous_3)
FN:82,(anonymous_4)
FN:92,(anonymous_5)
FN:99,(anonymous_6)
FNF:7
FNH:7
FNDA:510,(anonymous_0)
FNDA:7,(anonymous_1)
FNDA:24,(anonymous_2)
FNDA:20,(anonymous_3)
FNDA:10,(anonymous_4)
FNDA:5,(anonymous_5)
FNDA:2,(anonymous_6)
DA:13,510
DA:14,2
DA:16,508
DA:17,2
DA:19,506
DA:20,3
DA:22,503
DA:23,2
DA:26,501
DA:27,501
DA:28,501
DA:29,501
DA:30,501
DA:39,7
DA:40,1
DA:43,6
DA:44,6
DA:45,6
DA:47,6
DA:52,6
DA:53,6
DA:55,6
DA:63,24
DA:70,20
DA:83,10
DA:84,2
DA:86,8
DA:93,5
DA:94,3
DA:96,2
DA:100,2
DA:104,3
LF:32
LH:32
BRDA:13,0,0,2
BRDA:13,0,1,508
BRDA:13,1,0,510
BRDA:13,1,1,509
BRDA:16,2,0,2
BRDA:16,2,1,506
BRDA:16,3,0,508
BRDA:16,3,1,507
BRDA:19,4,0,3
BRDA:19,4,1,503
BRDA:19,5,0,506
BRDA:19,5,1,505
BRDA:19,5,2,504
BRDA:22,6,0,2
BRDA:22,6,1,501
BRDA:22,7,0,503
BRDA:22,7,1,503
BRDA:22,7,2,502
BRDA:30,8,0,499
BRDA:30,8,1,2
BRDA:39,9,0,1
BRDA:39,9,1,6
BRDA:83,10,0,2
BRDA:83,10,1,8
BRDA:83,11,0,10
BRDA:83,11,1,9
BRDA:93,12,0,3
BRDA:93,12,1,2
BRF:28
BRH:28
end_of_record
TN:
SF:src\CityGraph.js
FN:7,(anonymous_0)
FN:16,(anonymous_1)
FN:35,(anonymous_2)
FN:66,(anonymous_3)
FN:86,(anonymous_4)
FN:97,(anonymous_5)
FN:107,(anonymous_6)
FN:116,(anonymous_7)
FN:198,(anonymous_8)
FN:208,(anonymous_9)
FN:218,(anonymous_10)
FN:228,(anonymous_11)
FN:235,(anonymous_12)
FN:246,(anonymous_13)
FN:254,(anonymous_14)
FN:261,(anonymous_15)
FN:262,(anonymous_16)
FN:290,(anonymous_17)
FNF:18
FNH:18
FNDA:120,(anonymous_0)
FNDA:405,(anonymous_1)
FNDA:341,(anonymous_2)
FNDA:141,(anonymous_3)
FNDA:164,(anonymous_4)
FNDA:6,(anonymous_5)
FNDA:9,(anonymous_6)
FNDA:15,(anonymous_7)
FNDA:24,(anonymous_8)
FNDA:49,(anonymous_9)
FNDA:8,(anonymous_10)
FNDA:12,(anonymous_11)
FNDA:12,(anonymous_12)
FNDA:1,(anonymous_13)
FNDA:19,(anonymous_14)
FNDA:6,(anonymous_15)
FNDA:18,(anonymous_16)
FNDA:5,(anonymous_17)
DA:1,2
DA:8,120
DA:9,120
DA:17,405
DA:18,1
DA:21,404
DA:22,1
DA:25,403
DA:26,403
DA:36,341
DA:37,1
DA:39,340
DA:40,1
DA:42,339
DA:43,1
DA:46,338
DA:47,338
DA:50,338
DA:52,338
DA:53,2
DA:57,336
DA:58,336
DA:67,141
DA:68,2
DA:71,139
DA:72,1
DA:75,138
DA:76,138
DA:78,138
DA:79,288
DA:86,164
DA:88,138
DA:98,6
DA:99,0
DA:102,6
DA:103,3
DA:106,3
DA:107,9
DA:117,15
DA:118,1
DA:120,14
DA:121,1
DA:123,13
DA:124,1
DA:130,12
DA:131,12
DA:132,12
DA:135,12
DA:136,50
DA:137,50
DA:140,12
DA:142,36
DA:143,36
DA:145,36
DA:146,109
DA:147,59
DA:148,59
DA:152,36
DA:154,2
DA:157,34
DA:158,10
DA:161,24
DA:164,24
DA:165,24
DA:166,54
DA:167,40
DA:168,40
DA:169,35
DA:170,35
DA:177,10
DA:178,0
DA:181,10
DA:182,10
DA:184,10
DA:185,22
DA:186,22
DA:189,10
DA:199,24
DA:200,1
DA:202,23
DA:209,49
DA:210,2
DA:212,47
DA:219,8
DA:220,1
DA:222,7
DA:229,12
DA:236,12
DA:237,12
DA:238,36
DA:240,12
DA:247,1
DA:248,1
DA:255,19
DA:262,18
DA:263,6
DA:265,6
DA:267,6
DA:268,18
DA:269,24
DA:270,24
DA:271,12
DA:276,12
DA:281,6
DA:291,5
DA:292,1
DA:295,4
DA:296,1
DA:299,3
DA:300,1
DA:303,2
DA:306,2
DA:307,6
DA:308,6
DA:312,2
DA:313,4
DA:316,2
DA:320,2
LF:118
LH:116
BRDA:17,0,0,1
BRDA:17,0,1,404
BRDA:21,1,0,1
BRDA:21,1,1,403
BRDA:35,2,0,1
BRDA:36,3,0,1
BRDA:36,3,1,340
BRDA:39,4,0,1
BRDA:39,4,1,339
BRDA:42,5,0,1
BRDA:42,5,1,338
BRDA:50,6,0,337
BRDA:50,6,1,1
BRDA:52,7,0,2
BRDA:52,7,1,336
BRDA:67,8,0,2
BRDA:67,8,1,139
BRDA:67,9,0,141
BRDA:67,9,1,140
BRDA:71,10,0,1
BRDA:71,10,1,138
BRDA:98,11,0,0
BRDA:98,11,1,6
BRDA:98,12,0,6
BRDA:98,12,1,6
BRDA:102,13,0,3
BRDA:102,13,1,3
BRDA:102,14,0,6
BRDA:102,14,1,5
BRDA:117,15,0,1
BRDA:117,15,1,14
BRDA:120,16,0,1
BRDA:120,16,1,13
BRDA:123,17,0,1
BRDA:123,17,1,12
BRDA:136,18,0,12
BRDA:136,18,1,38
BRDA:146,19,0,59
BRDA:146,19,1,50
BRDA:152,20,0,2
BRDA:152,20,1,34
BRDA:152,21,0,36
BRDA:152,21,1,34
BRDA:157,22,0,10
BRDA:157,22,1,24
BRDA:166,23,0,40
BRDA:166,23,1,14
BRDA:168,24,0,35
BRDA:168,24,1,5
BRDA:177,25,0,0
BRDA:177,25,1,10
BRDA:199,26,0,1
BRDA:199,26,1,23
BRDA:209,27,0,2
BRDA:209,27,1,47
BRDA:209,28,0,49
BRDA:209,28,1,48
BRDA:219,29,0,1
BRDA:219,29,1,7
BRDA:270,30,0,12
BRDA:270,30,1,12
BRDA:291,31,0,1
BRDA:291,31,1,4
BRDA:291,32,0,5
BRDA:291,32,1,4
BRDA:295,33,0,1
BRDA:295,33,1,3
BRDA:299,34,0,1
BRDA:299,34,1,2
BRF:69
BRH:67
end_of_record
TN:
SF:src\GraphVisualizer.js
FN:7,(anonymous_0)
FN:20,(anonymous_1)
FN:43,(anonymous_2)
FN:63,(anonymous_3)
FN:87,(anonymous_4)
FN:105,(anonymous_5)
FN:112,(anonymous_6)
FN:123,(anonymous_7)
FN:130,(anonymous_8)
FN:144,(anonymous_9)
FN:151,(anonymous_10)
FN:184,(anonymous_11)
FN:223,(anonymous_12)
FNF:13
FNH:13
FNDA:62,(anonymous_0)
FNDA:23,(anonymous_1)
FNDA:56,(anonymous_2)
FNDA:11,(anonymous_3)
FNDA:14,(anonymous_4)
FNDA:5,(anonymous_5)
FNDA:16,(anonymous_6)
FNDA:12,(anonymous_7)
FNDA:8,(anonymous_8)
FNDA:28,(anonymous_9)
FNDA:28,(anonymous_10)
FNDA:9,(anonymous_11)
FNDA:5,(anonymous_12)
DA:1,1
DA:8,62
DA:9,2
DA:11,60
DA:21,23
DA:22,2
DA:25,21
DA:26,21
DA:29,21
DA:33,21
DA:43,56
DA:64,11
DA:65,3
DA:68,8
DA:70,8
DA:71,1
DA:77,7
DA:87,14
DA:106,5
DA:108,5
DA:109,1
DA:112,4
DA:113,16
DA:114,16
DA:123,12
DA:131,8
DA:133,8
DA:134,1
DA:144,7
DA:145,28
DA:148,7
DA:149,7
DA:150,7
DA:151,28
DA:154,7
DA:155,7
DA:157,7
DA:158,28
DA:159,28
DA:160,7
DA:161,7
DA:169,7
DA:185,9
DA:186,1
DA:189,8
DA:191,8
DA:192,1
DA:195,7
DA:196,7
DA:197,7
DA:198,7
DA:199,7
DA:200,7
DA:201,7
DA:202,7
DA:203,7
DA:205,7
DA:206,23
DA:207,23
DA:208,23
DA:209,23
DA:210,23
DA:213,7
DA:214,7
DA:216,7
DA:224,5
DA:225,5
DA:228,5
DA:229,1
DA:230,1
DA:234,4
DA:235,4
DA:236,17
DA:237,17
DA:238,1
DA:243,4
DA:244,17
DA:245,17
DA:246,32
DA:247,32
DA:248,0
DA:253,4
DA:261,1
LF:83
LH:82
BRDA:8,0,0,2
BRDA:8,0,1,60
BRDA:20,1,0,18
BRDA:21,2,0,2
BRDA:21,2,1,21
BRDA:29,3,0,2
BRDA:29,3,1,19
BRDA:29,4,0,21
BRDA:29,4,1,3
BRDA:64,5,0,3
BRDA:64,5,1,8
BRDA:64,6,0,11
BRDA:64,6,1,9
BRDA:70,7,0,1
BRDA:70,7,1,7
BRDA:108,8,0,1
BRDA:108,8,1,4
BRDA:133,9,0,1
BRDA:133,9,1,7
BRDA:159,10,0,7
BRDA:159,10,1,21
BRDA:185,11,0,1
BRDA:185,11,1,8
BRDA:191,12,0,1
BRDA:191,12,1,7
BRDA:228,13,0,1
BRDA:228,13,1,4
BRDA:237,14,0,1
BRDA:237,14,1,16
BRDA:247,15,0,0
BRDA:247,15,1,32
BRF:31
BRH:30
end_of_record
